Babbitt
Kasbah
Charybdis
Corybant
Daedalus
Deus
Elysium
Hobson’s_choice
Methuselah
Modernism
Occam’s_razor
Postmodernism
Rube_Goldberg
Scylla
Valhalla
Zeitgeist
ab_initio
ab_ovo
abash
abate
abattoir
abdicate
abecedarian
aberrant
abeyance
abject
abjure
ablution
abnegate
abominate
aborning
abrade
abrogate
abscond
absinthe
abstruse
abulia
accede
accost
accouterment
accretion
acedia
acerbate
acerbic
acme
acolyte
acquiesce
acrid
acrimonious
act
acumen
ad_hoc
ad_hominem
adduce
adjudicate
adjunct
adjure
adjuvant
admonitory
adroit
adscititious
adumbrate
adust
adventitious
advertent
aegis
aesthete
aesthetic
affected
afflatus
affluent
affray
aficionado
aggrandize
aggress
agitprop
agnosticism
agog
agon
agrestic
ahimsa
ailurophile
alacrity
aleatory
alembic
alfresco
aliment
allay
allegory
alliteration
alloy
amalgam
amalgamate
amanuensis
amative
amatory
ambit
ambivalent
ambrosia
ambulate
ambuscade
amenable
amenity
amerce
amiable
amicable
amity
amorous
amphibology
anabasis
anachronism
anaemic
anagram
anathema
ancillary
anechoic
anemia
anent
anfractuous
animadversion
animus
annals
announcement
anodyne
anomie
anon
another
antebellum
antecedent
antediluvian
anthophilous
anthropology
anthropomorphism
antimacassar
antinomianism
antinomy
antipathy
antiquarian
antiquity
antithetical
apercu
aperitif
aphelion
aphorism
aplomb
apocryphal
apodictic
apogee
apollonian
apologia
apophasis
apostate
apothecary
apothegm
apotheosis
appellation
apposite
apprise
appurtenance
apropos
apt
arbalest
arbitrage
arboreal
arcadian
arcane
arcanum
archipelago
arduous
argosy
argot
argus-eyed
arid
armamentarium
armistice
arrangement
arrangement
arrant
arriviste
arrogate
artful
artless
ascetic
asinine
askance
asperity
aspersion
assay
asseverate
assiduity
assiduous
astringent
asymptote
ataractic
atavism
atelier
atrophy
attention
attenuate
au_courant
auctorial
audacious
aught
augur
august
auspicious
auteur
autochthonous
autocrat
autodidact
avatar
aver
avocation
avoirdupois
avuncular
awry
axiom
azure
bacchanalia
badinage
bagatelle
bailiwick
baleful
ballast
balneology
balustrade
banal
banausic
bane
barmecidal
bastion
bathos
battue
bawd
beatify
beau_ideal
bedaub
bedizen
beguile
behemoth
beholden
beleaguer
belie
bellicose
bellow
bellwether
belvedere
bemuse
benefaction
benefic
benignant
benison
berate
bereft
besot
bestow
bete_noire
betimes
bibelot
bibulous
bifurcate
bijou
bildungsroman
bile
bilge
bilious
billet
billingsgate
bivouac
blandish
blatant
blithe
bombast
bombinate
bon_vivant
bona_fide
bonhomie
bootless
borborygmus
boulevardier
bouleversement
bovine
bow
bowdlerize
brackish
braggadocio
bravado
brickbat
bricolage
brio
bristle
broach
brobdingnagian
bromide
brook
brouhaha
bruit
brummagem
brusque
brutish
bucolic
bumptious
bunkum
burgeon
burnish
busk
buss
buttress
cabal
cabotage
cachet
cachinnate
cacography
cacophony
cadaverous
cadge
cadre
caduceus
caducity
caesura
cajole
calcify
callow
calumny
camarilla
campanology
campestral
canard
canicular
canker
canon
canorous
cant
cantankerous
capacious
capacity
caparison
capitulate
capon
capricious
captious
carapace
caravansary
careen
career
carnage
carnal
carom
carouse
carp
carrion
carte_blanche
castigate
casuistry
catachresis
catalepsy
cataract
caterwaul
catharsis
cathexis
catholic
causerie
cavalcade
caveat
cavil
cavort
cede
celerity
celibacy
censure
center
centers
centrifugal
centripetal
cerebrate
chagrin
charlatan
chary
chasm
chasten
chatoyant
chaussure
chicanery
chide
chimera
choleric
chrestomathy
chthonic
churlish
cicerone
cineaste
cipher
circa
circadian
circuitous
circumambient
circumlocution
circumspect
circumvent
clamorous
clandestine
claptrap
claque
clarion
cleave
clemency
clement
clepsydra
clerisy
climacteric
clochard
cloister
cloy
co-opt
coda
codicil
coeval
cogent
cogitate
cognate
cognizable
cognomen
cognoscente
cohort
coitus
collation
colligate
colloquy
collude
colubrine
comestible
comity
commensal
commination
commute
compendium
compensation
complaisant
comport
compunction
compurgator
conceit
conciliate
concinnity
conclave
concomitant
concupiscence
condign
condone
conduit
confabulation
confection
conflate
confound
confrere
confute
congenital
congeries
conglobate
congruous
conjoin
connubial
conquian
consanguineous
consensus
consign
consortium
conspectus
constellate
consuetude
consummate
contemn
contemporaneous
contentious
conterminous
contradistinction
contravene
contretemps
contumacious
conundrum
conventicle
conversant
convivial
copacetic
copious
copse
coquette
cormorant
corollary
corporeal
corpulent
correlate
corsair
coruscate
corybantic
cosmopolite
cosset
coterie
coterminous
coulior
countenance
countermand
countervail
coup_de_grace
couplet
cozen
crapulence
craven
craw
credulous
crepuscular
crestfallen
culpable
cum
cunctation
cupidity
curmudgeon
curriculum_vitae
cursory
cynosure
daedal
daedalian
dalliance
dander
datum
daub
dauntless
dearth
debacle
debase
debauch
debilitate
debonair
debouch
debunk
decimate
declivity
deconstruction
decorous
decorum
decry
deduce
deem
defalcate
defenestration
deferential
deflagrate
deft
deglutition
deign
delectable
delectation
deleterious
deliquesce
dell
demagogue
demesne
demotic
demulcent
demur
demure
denegation
denigrate
denizen
denouement
denude
deprecate
depredate
deracinate
derelict
deride
derisive
derisory
derogate
descant
descry
desecrate
desiccate
desiderate
desideratum
despondent
despot
destitute
desuetude
desultory
detrimental
detritus
deus_ex_machine
deuteragonist
devoir
dexterous
diablerie
diadem
dialectic
diapause
diaphanous
diatribe
dichotomy
dictum
didactic
diffident
digress
diktat
dilatory
dilettante
din
diplopia
dirigible
disaffect
discomfiture
disconsolate
discordant
discrete
discursive
dishabille
disingenuous
disparate
disputatious
disquisition
dissemble
dissimulate
dissolute
distemper
distrait
distrait”
diurnal
diuturnal
divagate
divest
docile
doctrinaire
doff
doggerel
dogmatic
dole
doleful
dolorous
dolt
domicile
don
dormant
dossier
dotage
dotard
doughty
doula
dour
doxology
doyen
draconian
dreck
droll
drought
druthers
dubiety
dubious
ductile
dudgeon
duende
dulcet
duplicity
durance
dyspepsia
dyspeptic
déclassé
earwig
ebullient
ebullition
eccentric
echelon
ecumenical
edacious
edify
efface
effectual
effectuate
effeminate
effete
efficacious
efficient
efflorescence
effrontery
effulgent
effusion
egregious
egress
eldritch
eleemosynary
elegy
elicit
elide
elucidate
emanate
emblazon
embonpoint
emend
emeritus
emetic
eminence_grise
emissary
emolument
emote
empirical
emprise
empyrean
emulate
enclave
encomium
endemic
enervate
enfant_terrible
engender
enigmatic
enjoin
enmity
ennead
ennui
ensconce
ensorcell
enthusiasm
entity
entity
enunciate
enure
envisage
eolian
epenthesis
ephemeral
ephemeron
epicene
epicure
epigone
epigram
epiphany
epistemic
epistemology
epitaph
epithet
epitome
eponym
equable
equanimity
equine
equipoise
equitable
equivocal
equivocate
eremite
ergo
eristic
eros
errant
ersatz
erstwhile
erudite
erumpent
eschew
escutcheon
esoteric
esplanade
estival
estivate
esurient
et_al
ethereal
etiolate
etymology
eugenics
eulogy
eupeptic
euphemism
euphonious
euphoria
evanesce
eventuate
evince
eviscerate
evitable
ex_post_facto
exacerbate
examination
excessive
excogitate
excoriate
excrement
excrescence
exculpate
excursus
execrable
exegesis
exegete
exemplar
exhort
exigency
exigent
exiguous
exonerate
exorcise
expatiate
expedient
expedite
expeditious
expiate
explicate
expostulate
expropriate
expunge
expurgate
extant
extemporaneous
extempore
extenuate
extirpate
extol
extrapolate
extricate
extrinsic
exuberant
facet
facetious
facile
facilitate
facsimile
factitious
factotum
fainéant
fait_accompli
fallacious
fallow
falter
farce
farraginous
farrago
farthing
fastidious
fata_morgana
fatidic
fatuous
fauna
favonian
fealty
febrile
feckless
fecund
feign
felicitate
felicitous
felicity
feral
ferret
ferruginous
fervid
festinate
fete
fetid
fetor
fettle
fey
fiat
fiduciary
filial
fin-de-siecle
fiord
firmament
fissiparous
fisticuffs
flaccid
flagellate
flagitious
flagrant
flaneur
flatulent
flay
fledgling
flexuous
flippant
florilegium
flotsam
flout
flummery
foible
foment
font
foofaraw
fop
foray
force_majeure
forensic
forfend
forgo
forlorn
form_vitaille
formidable
forsooth
forswear
fortuitous
founder
foundling
fountainhead
foursquare
fracas
fractious
frangible
frenetic
friable
frigorific
frisson
froward
fructuous
fruition
fugacious
fulgent
fuliginous
fulminate
fulsome
funambulist_ 
funereal
funicular
furbelow
furtive
fusillade
fustian
fustigate
gadfly
gainsay
gait
gallimaufry
gallivant
galumph
galvanize
gambol
gamine
gamut
garble
garish
garner
garrote
garrulous
gastronome
gauche
gaucherie
gauntlet
gelid
genial
gentry
genus
germane
gest
gestalt
gibbous
gibe
gild
glabrous
gloaming
glom
glower
gnomic
googol
gormandize
gossamer
gourmand
grandee
grandiloquence
gratuitous
gratuity
gravamen
gravid
gravitas
gravitate
gregarious
groundling
grouse
guile
guise
gustatory
gymkhana
habiliment
habituate
habitué
hackle
hackneyed
hagiography
halcyon
hale
hallow
handsel
hanker
hapless
haplology
haptic
harangue
harbinger
hardscrabble
hare
hark
harlequin
harridan
haruspex
hauteur
heat
hebetude
hector
hedonist
hegemony
hegira
heliolatry
henotheism
hermaphrodite
hermetic
heterodox
heterogeneous
heuristic
hew
hibernaculum
hie
hinterland
hirsute
histrionic
hoary
hobbledehoy
hoi_polloi
homily
homogeneous
homonymous
honey
honorarium
horripilation
hortatory
hubris
humanism
hydromancy
hypaethral
hyperbole
hyperborean
hypermnesia
hypnagogic 
hypocorism
hypothesis
iconoclast
ideate
idyll
idyllic
idée_fixe
ignoble
ignominy
illicit
illusory
imbibe
imbibition
imbricate
imbroglio
imbue
immemorial
immolate
immure
immutable
impassible
impassive
impatience
impecunious
impede
imperious
imperturbable
impervious
impetuous
implacable
implicate
implicit
impolitic
imponderable
importunate
importune
imprecation
impregnable
imprimatur
impromptu
impromptu
improvident
impudent
impudicity
impugn
impute
in
inalienable
inamorata
inane
inanition
inapt
inauspicious
incandescent
incarnadine
incarnate
inchoate
incipient
inclement
incognito
incommensurable
incommode
incondite
incongruous
incontinent
incontrovertible
incorporeal
incorrigible
incredulous
incubus
inculcate
incumbent
indecorous
indefeasible
indelible
indemnify
indigenous
indigent
indissoluble
indite
indolent
indubitable
indurate
ineffable
ineluctable
inexorable
infirm
ingenuous
ingénue
inhere
inimical
inimitable
iniquity
injunction
innate
innocuous
innuendo
inordinate
inscrutable
insensate
insipid
insouciant
inspissate
insubstantial
insular
insuperable
intangible
integument
intended
interdict
interlard
interlocutor
interminable
internecine
interpolate
interregnum
interstice
intestine
intimate
intractable
intransigent
intrepid
intuit
inundate
inure
invariable
invective
inveigh
inveigle
inveterate
invidious
inviolable
inviolate
ipso_facto
irascible
irenic
irrefragable
irrupt
issue
iterate
itinerant
jaunty
jejune
jeremiad
jettison
jeunesse_doree
jingoism
jitney
jocose
jocular
jocund
journeyman
junta
jurisprudence
juxtapose
kakistocracy
kapellmeister
katzenjammer
keen
ken
kindred
kinetic
kismet
kite
kitsch
knell
knowledge
kowtow
labile
lachrymose
laconic
lacuna
laden
lagniappe
lambaste
lambent
lament
lamia
languid
languish
languor
laodicean
lapidary
largess
lascivious
lassitude
latent
latitudinarian
laudatory
lavation
lave
lecherous
legerdemain
legerity
leitmotif
lenity
leonine
lethargic
leviathan
levity
lexicon
libidinous
licentious
limen
limn
limpid
lineament
lingua_franca
lissome
listless
litany
literally
literati
lithe
litigious
littoral
livid
loath
locus
locution
logomachy
logorrhea
lollapalooza
longanimity
longueur
loquacious
lothario
louche
lubricous
lucre
lucubration
luculent
lucullan
ludic
lugubrious
luminary
lumpen
lurid
luscious
lymphatic
macabre
macedoine
machination
maelstrom
magnanimity
magnanimous
magnate
magniloquent
maieutic
majuscule
mala_fide
maladroit
malaise
malapropism
malapropos
malcontent
malediction
malfeasance
malign
malinger
malleable
malversation
mandarin
manqué
manse
mansuetude
mantic
manumit
maquette
marmoreal
martinet
masticate
matriculate
matutinal
maudlin
maunder
maw
mawkish
meed
megalomania
megrim
melee
meliorate
meliorism
mellifluous
menagerie
mendacious
mendacity
mendicant
menorah
mephitic
mercurial
meretricious
meritorious
metaphysics
mete
metonymy
mettle
miasma
microcosm
mien
milieu
militate
milksop
millefleur
milquetoast
mimetic
minatory
minutiae
mirth
misanthrope
misbegotten
miscellany
miscible
miscreant
misnomer
misogyny
misprize
missive
mitigate
mnemonic
modicum
modus_operandi
modus_vivendi
moiety
moil
mollify
molt
monocracy
moor
morass
mordacious
mordant
morganatic
moribund
morose
morpheme
mot_juste
motif
motility
mottle
mountebank
mufti
mugwump
mulct
multifarious
multitudinous
mundane
munificent
myopia
myrmidon
mélange
métier
nabob
nadir
nascent
natatorial
naïf
ne_plus_ultra
nebbish
nebulous
necromancy
nectar
nefarious
nemesis
neologism
neophyte
neoteny
neoteric
nepenthe
nepotism
nescience
nether
neuralgia
nexus
nidus
niggardly
niggle
niggling
nihilism
nimbus
nimiety
nirvana
nocuous
noisome
nolens_volens
nomenclator
nomenclature
non_sequitur
nonage
nonagenarian
nonce
nonpareil
nonplus
normative
nosegay
nostrum
noumenon
noxious
nuance
nubile
nugatory
numinous
numismatic
nyctalopia
obdurate
obeisance
obfuscate
objectives”
objurgate
oblation
oblique
obliquity
obloquy
obscurantism
obsequious
obsequy
obstinate
obstreperous
obtrude
obtuse
obverse
obviate
occlude
odious
oenophile
of
offal
officious
oligopsony
olla_podrida
olympian
ombudsman
ominous
omnibus
omniscient
omnium-gatherum
omphalos
oneiric
onerous
onomastics
onomatopoeia
ontology
onus
opalescent
opine
opinions
opprobrium
oppugn
ordure
orientate
orotund
orphic
oscitancy
osculate
osculation
ossify
ostensible
ostentatious
otiose
outré
overweening_ 
pablum
pabulum
pachydermatous
paean
paladin
palatable
palatial
palaver
palimpsest
palinode
palladium
palliate
palliative
pallid
pallor
palmary
palpable
palsy
panacea
panache
pandect
pandemic
panegyric
panglossian
panjandrum
panoply
panoptic
pantheon
paragon
paramilitary
paramour
paranomasia
pari_passu
pariah
parietal
parlance
parlay
parlous
parochial
parol
paroxysm
parse
parsimonious
parts
parvenu
pasquinade
pastiche
pastoral
patent
pathological
pathos
patina
patrician
paucity
peccadillo
peccant
peculate
pecuniary
pedagogue
pedant
pederast
pedestrian
pejorative
pelagic
pelf
pellucid
penchant
pensive
penultimate
penurious
per_contra
perambulate
perchance
perdurable
peregrinate
peregrine
peremptory
perennial
perfervid
perfidious
perfidy
perforce
perfunctory
perigee
peripatetic
peripeteia
peripheral
periphrasis
permeable
permeate
pernicious
perorate
perpend
perquisite
persiflage
persona
perspicacious
pertinacious
peruse
pervasive
pestiferous
petard
petitio_principii
pettifogger
petulant
phantasmagoria
phenomenon
philately
philistine
philomath
philter
phlegmatic
picaresque
picayune
pickwickian
pied-a-terre
pillory
piquant
pithy
pittance
placard
placate
placebo
placid
plaintive
plangent
platitude
platonism
plaudit
plebeian
plenary
plenipotentiary
plenum
pleonasm
pluralism
pococurante
poignant
poleax
polemic
polyglot
polymath
polyphony
polysemous
pomaceous
pomander
ponderous
pontificate
popinjay
porcine
portend
portent
portentous
portmanteau
posit
postprandial
postulate
potable
potboiler
potentate
pother
potpourri
potter
praedial
pragmatic
prate
prattle
precarious
precatory
precipitate
precipitous
precocial
precocious
precursor
predicate
predilection
preen
prehensile
prelapsarian
preponderate
prepotency
presage
prescience
prescind
presentiment
prestidigitation
preterite
preternatural
prevaricate
prevenient
priapic
prig
prima_facie
primogenitor
primogeniture
primordial
principles
prink
privation
privy
probity
proboscis
prodigal
prodigious
profane
proffer
profligate
profundity
profuse
progeny
prognosis
prognosticate
prolegomenon
proliferate
prolific
prolix
promenade
promethean
promontory
promulgate
prone
pronunciamento
propensity
prophylactic
propinquity
propitiate
propitiatory
propitious
propound
proprietary
prosaic
proscribe
proselytize
prosody
protean
prothalamion
protracted
protuberance
provenance
provender
proviso
proximate
prurient
puckish
puerile
pugilism
pugnacious
puissance
pukka
pulchritude
pule
pullulate
punctilio
punctilious
pundit
punishment
punitive
purblind
purgative
purlieu
purloin
purposive
purveyor
pusillanimous
putative
putrid
putsch
pyrrhic
qua
quadrennial
quaff
quagmire
quail
qualm
quandary
quarry
quash
quatrain
quaver
quay
quell
querulous
query
questions
queue
quid_pro_quo
quiddity
quidnunc
quiescent
quietus
quietus
quincunx
quintessence
quisling
quixotic
quizzical
quodlibet
quondam
quorum
quotidian
raconteur
raddled
raffish
raillery
raiment
raison_d’etre
rake
rambunctious
ramify
rampart
rancor
rankle
ranting
rapacious
rapier
rapine
rapport
rapprochement
rapscallion
rapt
rara_avis
rarefied
ratiocinate
razzmatazz
rebarbative
rebus
recalcitrant
recant
recapitulate
rechauffe
recherché
recidivism
reclusive
recondite
reconnoiter
recriminate
recrudesce
rectify
rectilinear
rectitude
recumbent
recusant
redact
redivivus
redolent
redoubt
redoubtable
redound
redress
reformed
refractory
refulgent
refutation
regale
regimen
regnant
rejoinder
remand
remiss
remonstrate
remove
remunerate
renascent
renegade
renege
repartee
repast
repertoire
repertory
repine
replete
repletion
repose
reprehensible
reprobate
reprove
repudiate
resile
resolute
respite
resplendent
restive
reticent
reticulate
retinue
retrograde
retrogress
retronym
retrospective
revanche
revenant
revisionism
rhadamanthine
rhetoric
ribald
rictus
rife
rigmarole
rigor
riparian
riposte
risible
rive
rivulet
roborant
robustious
rodomontade
roister
roseate
rostrum
rote
roué
rubicund
rubric
rue
rugose
ruminate
ruritanian
rusticate
rutilant
sacrosanct
sadism
sagacity
saguaro
salacious
salient
sally
salubrious
salutary
salvo
sanctify
sanctimonious
sanctum
sang-froid
sanguine
sansculotte
sapid
sapient
sardonic
sartorial
sate
saturnalia
saturnine
savant
savoir-faire
saw
scabrous
schadenfreude
schism
scilicet
scintilla
scintillate
sciolism
scission
score
scourge
scrupulous
scurrilous
scuttle
seamy
sedition
sedulous
segue
seminal
sempiternal
senescent
seneschal
sententious
sentient
septentrion
septic
sequacious
sequester
seraglio
sere
serendipity
seriatim
serpentine
servile
sesquipedalian
shackle
shibboleth
shofar
sibilant
sibyl
sic
sidereal
sidle
simulacrum
sine_qua_non
sinecure
sinew
sinuous
skein
skittish
skulk
slake
slattern
slatternly
slugabed
smarmy
smite
snivel
sobriquet
soi-disant
soigné
soiree
sojourn
solatium
solecism
solicitous
soliloquy
solipsism
solstice
somniferous
somnolent
sonorous
sop
sophism
sophomoric
soporific
sotto_voce
sough
soupcon
spate
spavined
specious
spindrift
spleen
splenetic
spoonerism
sporadic
spume
spumescent
spurious
squalid
staid
stalwart
stanch
standard
starveling
stasis
statement
steadfast
stentorian
sternutation
stertor
stoic
stolid
stratagem
stricture
strident
student
stultify
stygian
styptic
suasion
sub_rosa
subaltern
subfusc
sublimate
sublunary
suborn
subsume
subterfuge
successor
succor
succubus
succulent
sui_generis
sulk
sully
summarliy
sumptuous
sunder
sundry
superannuate
supercilious
supererogatory
superficies
superfluous
superjacent
supernal
supernumerary
supervene
supine
supplant
suppliant
supplicant
supplicate
supposititious
suppurate
surcease
surfeit
surly
surmise
surplusage
surreptitious
susurration
swain
swivet
sybarite
sycophant
syllabub
syllepsis
sylph
sylvan
symbiosis
symbiotic
symptomatic
syncretism
synecdoche
syntax
synthesis
systemic
tacit
taciturn
tangential
tangible
tantivy
tare
tarradiddle
tatterdemalion
tautology
tawdry
taxonomy
tchotchke
tedious
temerarious
temerity
tempest
temporal
temporize
tendentious
tenebrous
tenet
tentative
tenuous
tergiversate
termagant
terminus
terpsichorean
terse
testimonial
tetchy
tetralogy
thanatology
thaumaturgy
theriac
thetic
thing
thrasonical
threnody
timorous
tintinnabulation
tirade
titivate
titular
tmesis
toady
tocsin
tonsure
tontine
toothsome
torpid
torpor
tortuous
tourbillion
tousle
tractable
traduce
traipse
trammel
transcend
transient
transmute
transpire
transverse
travesty
treacly
tremulous
trenchant
trepidation
trice
trichotillomania
triskaidekaphobia
troglodyte
trope
troubadour
truant
truckle
truculent
truism
tryst
tumescent
tumid
turbid
turgid
turophile
turpitude
tutelage
tyro
ubiquitous
ukase
ululate
umbrage
unavailing
unconscionable
uncouth
unctuous
undergird
undertaker
undulant
unfathomable
unflagging
unguent
unjustified
unmitigated
unpropitious
unregenerate
unseemly
untenable
untoward
untrammeled
upbraid
urbane
used”
usufruct
utile
utilitarian
uxorial
uxorious
vacillate
vacuous
vade_mecum
vagary
vainglorious
valetudinarian
vanguard
vapid
variegated
vatic
vaudeville
vegetal
vehement
veldt
velleity
venal
veneer
venerable
venerate
venereal
venial
ventilate
veracious
verbiage
verbose
verboten
verdant
verisimilitude
veritable
verjuice
vermicular
vernal
vertiginous
vertigo
vespertine
vexatious
viand
viaticum
vicissitude
victual
videlicet
vignette
vilify
vilipend
vim
vinaceous
vinculum
virago
virility
virtu
virtuoso
virulent
vis-à-vis
visage
visceral
viscid
vista
vita
vitiate
vitriolic
vituperative
vivify
vociferous
volant
volition
volte-face
voluble
voracious
votary
votive
vulpine
waft
wag
wan
wanton
warison
waspish
wassail
wastrel
waylay
welkin
weltanschauung
welter
whence
wherefore
wherewithal
whilom
whimsical
winnow
winsome
wiseacre
wisenheimer
wistful
wizened
woebegone
wont
woods
woolgathering
worldview
wraith
writ
wrong
wry
xenophobe
xylography
yeasty
yen
yeoman
yokel
zealot
zenith
zeroth
zeugma
zibeline
ziggurat
zoomorphism
zydeco
